<?xml version="1.0" encoding="UTF-8"?>
<testsuite xmlns:xsi="http://www.w3.org/2001/XMLSchema-instance" xsi:noNamespaceSchemaLocation="https://maven.apache.org/surefire/maven-surefire-plugin/xsd/surefire-test-report.xsd" name="mainclassTest" time="0.032" tests="3" errors="2" skipped="0" failures="0">
  <properties>
[...]
</properties>
  <testcase name="testEncoder" classname="mainclassTest" time="0.017">
    <error type="java.lang.NullPointerException">java.lang.NullPointerException
	at mainclassTest.testEncoder(mainclassTest.java:35)
</error>
  </testcase>
  <testcase name="testStatisticsDisplay" classname="mainclassTest" time="0.001">
    <error type="java.lang.NullPointerException">java.lang.NullPointerException
	at mainclassTest.testStatisticsDisplay(mainclassTest.java:63)
</error>
  </testcase>
  <testcase name="testIntInput" classname="mainclassTest" time="0.006"/>
</testsuite>