<?xml version="1.0" encoding="UTF-8"?>
<testsuite xmlns:xsi="http://www.w3.org/2001/XMLSchema-instance" xsi:noNamespaceSchemaLocation="https://maven.apache.org/surefire/maven-surefire-plugin/xsd/surefire-test-report.xsd" name="mainclassTest" time="0.071" tests="6" errors="0" skipped="0" failures="0">
  <properties>
[...]
</properties>
  <testcase name="testEncoder" classname="mainclassTest" time="0.039"/>
  <testcase name="testAddress" classname="mainclassTest" time="0"/>
  <testcase name="testLink" classname="mainclassTest" time="0.003"/>
  <testcase name="testStatisticsDisplay" classname="mainclassTest" time="0.011"/>
  <testcase name="testIntInput" classname="mainclassTest" time="0.001"/>
  <testcase name="testSchool" classname="mainclassTest" time="0.004"/>
</testsuite>